This is pdfTeX, Version 3.1415926-2.3-1.40.12 (TeX Live 2011) (format=pdflatex 2011.7.3)  26 SEP 2013 11:48
entering extended mode
 \write18 enabled.
 file:line:error style messages enabled.
 %&-line parsing enabled.
**CAL_moment.tex
(./CAL_moment.tex
LaTeX2e <2009/09/24>
Babel <v3.8l> and hyphenation patterns for english, dumylang, nohyphenation, ge
rman-x-2009-06-19, ngerman-x-2009-06-19, afrikaans, ancientgreek, ibycus, arabi
c, armenian, basque, bulgarian, catalan, pinyin, coptic, croatian, czech, danis
h, dutch, ukenglish, usenglishmax, esperanto, estonian, ethiopic, farsi, finnis
h, french, galician, german, ngerman, swissgerman, monogreek, greek, hungarian,
 icelandic, assamese, bengali, gujarati, hindi, kannada, malayalam, marathi, or
iya, panjabi, tamil, telugu, indonesian, interlingua, irish, italian, kurmanji,
 lao, latin, latvian, lithuanian, mongolian, mongolianlmc, bokmal, nynorsk, pol
ish, portuguese, romanian, russian, sanskrit, serbian, serbianc, slovak, sloven
ian, spanish, swedish, turkish, turkmen, ukrainian, uppersorbian, welsh, loaded
.
(/usr/local/texlive/2011/texmf-dist/tex/latex/base/article.cls
Document Class: article 2007/10/19 v1.4h Standard LaTeX document class
(/usr/local/texlive/2011/texmf-dist/tex/latex/base/size11.clo
File: size11.clo 2007/10/19 v1.4h Standard LaTeX file (size option)
)
\c@part=\count79
\c@section=\count80
\c@subsection=\count81
\c@subsubsection=\count82
\c@paragraph=\count83
\c@subparagraph=\count84
\c@figure=\count85
\c@table=\count86
\abovecaptionskip=\skip41
\belowcaptionskip=\skip42
\bibindent=\dimen102
)
(/usr/local/texlive/2011/texmf-dist/tex/latex/geometry/geometry.sty
Package: geometry 2010/09/12 v5.6 Page Geometry

(/usr/local/texlive/2011/texmf-dist/tex/latex/graphics/keyval.sty
Package: keyval 1999/03/16 v1.13 key=value parser (DPC)
\KV@toks@=\toks14
)
(/usr/local/texlive/2011/texmf-dist/tex/generic/oberdiek/ifpdf.sty
Package: ifpdf 2011/01/30 v2.3 Provides the ifpdf switch (HO)
Package ifpdf Info: pdfTeX in PDF mode is detected.
)
(/usr/local/texlive/2011/texmf-dist/tex/generic/oberdiek/ifvtex.sty
Package: ifvtex 2010/03/01 v1.5 Switches for detecting VTeX and its modes (HO)
Package ifvtex Info: VTeX not detected.
)
(/usr/local/texlive/2011/texmf-dist/tex/generic/ifxetex/ifxetex.sty
Package: ifxetex 2010/09/12 v0.6 Provides ifxetex conditional
)
\Gm@cnth=\count87
\Gm@cntv=\count88
\c@Gm@tempcnt=\count89
\Gm@bindingoffset=\dimen103
\Gm@wd@mp=\dimen104
\Gm@odd@mp=\dimen105
\Gm@even@mp=\dimen106
\Gm@layoutwidth=\dimen107
\Gm@layoutheight=\dimen108
\Gm@layouthoffset=\dimen109
\Gm@layoutvoffset=\dimen110
\Gm@dimlist=\toks15
)
(/usr/local/texlive/2011/texmf-dist/tex/latex/graphics/graphicx.sty
Package: graphicx 1999/02/16 v1.0f Enhanced LaTeX Graphics (DPC,SPQR)

(/usr/local/texlive/2011/texmf-dist/tex/latex/graphics/graphics.sty
Package: graphics 2009/02/05 v1.0o Standard LaTeX Graphics (DPC,SPQR)

(/usr/local/texlive/2011/texmf-dist/tex/latex/graphics/trig.sty
Package: trig 1999/03/16 v1.09 sin cos tan (DPC)
)
(/usr/local/texlive/2011/texmf-dist/tex/latex/latexconfig/graphics.cfg
File: graphics.cfg 2010/04/23 v1.9 graphics configuration of TeX Live
)
Package graphics Info: Driver file: pdftex.def on input line 91.

(/usr/local/texlive/2011/texmf-dist/tex/latex/pdftex-def/pdftex.def
File: pdftex.def 2011/05/27 v0.06d Graphics/color for pdfTeX

(/usr/local/texlive/2011/texmf-dist/tex/generic/oberdiek/infwarerr.sty
Package: infwarerr 2010/04/08 v1.3 Providing info/warning/message (HO)
)
(/usr/local/texlive/2011/texmf-dist/tex/generic/oberdiek/ltxcmds.sty
Package: ltxcmds 2011/04/18 v1.20 LaTeX kernel commands for general use (HO)
)
\Gread@gobject=\count90
))
\Gin@req@height=\dimen111
\Gin@req@width=\dimen112
)
(/usr/local/texlive/2011/texmf-dist/tex/latex/wrapfig/wrapfig.sty
\wrapoverhang=\dimen113
\WF@size=\dimen114
\c@WF@wrappedlines=\count91
\WF@box=\box26
\WF@everypar=\toks16
Package: wrapfig 2003/01/31  v 3.6
)
(/usr/local/texlive/2011/texmf-dist/tex/latex/caption/caption.sty
Package: caption 2010/01/09 v3.1m Customizing captions (AR)

(/usr/local/texlive/2011/texmf-dist/tex/latex/caption/caption3.sty
Package: caption3 2010/01/14 v3.1m caption3 kernel (AR)
\captionmargin=\dimen115
\captionmargin@=\dimen116
\captionwidth=\dimen117
\caption@indent=\dimen118
\caption@parindent=\dimen119
\caption@hangindent=\dimen120
)
\c@ContinuedFloat=\count92
Package caption Info: wrapfig package is loaded.
)
(/usr/local/texlive/2011/texmf-dist/tex/latex/caption/subcaption.sty
Package: subcaption 2008/08/31 v1.0b Adding subcaptions (AR)
\c@subfigure=\count93
\c@subtable=\count94
)
(./CAL_moment.aux)
\openout1 = `CAL_moment.aux'.

LaTeX Font Info:    Checking defaults for OML/cmm/m/it on input line 9.
LaTeX Font Info:    ... okay on input line 9.
LaTeX Font Info:    Checking defaults for T1/cmr/m/n on input line 9.
LaTeX Font Info:    ... okay on input line 9.
LaTeX Font Info:    Checking defaults for OT1/cmr/m/n on input line 9.
LaTeX Font Info:    ... okay on input line 9.
LaTeX Font Info:    Checking defaults for OMS/cmsy/m/n on input line 9.
LaTeX Font Info:    ... okay on input line 9.
LaTeX Font Info:    Checking defaults for OMX/cmex/m/n on input line 9.
LaTeX Font Info:    ... okay on input line 9.
LaTeX Font Info:    Checking defaults for U/cmr/m/n on input line 9.
LaTeX Font Info:    ... okay on input line 9.

*geometry* driver: auto-detecting
*geometry* detected driver: pdftex
*geometry* verbose mode - [ preamble ] result:
* driver: pdftex
* paper: <default>
* layout: <same size as paper>
* layoutoffset:(h,v)=(0.0pt,0.0pt)
* modes: 
* h-part:(L,W,R)=(72.26999pt, 469.75502pt, 72.26999pt)
* v-part:(T,H,B)=(72.26999pt, 650.43001pt, 72.26999pt)
* \paperwidth=614.295pt
* \paperheight=794.96999pt
* \textwidth=469.75502pt
* \textheight=650.43001pt
* \oddsidemargin=0.0pt
* \evensidemargin=0.0pt
* \topmargin=-37.0pt
* \headheight=12.0pt
* \headsep=25.0pt
* \topskip=11.0pt
* \footskip=30.0pt
* \marginparwidth=59.0pt
* \marginparsep=10.0pt
* \columnsep=10.0pt
* \skip\footins=10.0pt plus 4.0pt minus 2.0pt
* \hoffset=0.0pt
* \voffset=0.0pt
* \mag=1000
* \@twocolumnfalse
* \@twosidefalse
* \@mparswitchfalse
* \@reversemarginfalse
* (1in=72.27pt=25.4mm, 1cm=28.453pt)

(/usr/local/texlive/2011/texmf-dist/tex/context/base/supp-pdf.mkii
[Loading MPS to PDF converter (version 2006.09.02).]
\scratchcounter=\count95
\scratchdimen=\dimen121
\scratchbox=\box27
\nofMPsegments=\count96
\nofMParguments=\count97
\everyMPshowfont=\toks17
\MPscratchCnt=\count98
\MPscratchDim=\dimen122
\MPnumerator=\count99
\makeMPintoPDFobject=\count100
\everyMPtoPDFconversion=\toks18
) (/usr/local/texlive/2011/texmf-dist/tex/generic/oberdiek/pdftexcmds.sty
Package: pdftexcmds 2011/04/22 v0.16 Utilities of pdfTeX for LuaTeX (HO)

(/usr/local/texlive/2011/texmf-dist/tex/generic/oberdiek/ifluatex.sty
Package: ifluatex 2010/03/01 v1.3 Provides the ifluatex switch (HO)
Package ifluatex Info: LuaTeX not detected.
)
Package pdftexcmds Info: LuaTeX not detected.
Package pdftexcmds Info: \pdf@primitive is available.
Package pdftexcmds Info: \pdf@ifprimitive is available.
Package pdftexcmds Info: \pdfdraftmode found.
)
(/usr/local/texlive/2011/texmf-dist/tex/latex/oberdiek/epstopdf-base.sty
Package: epstopdf-base 2010/02/09 v2.5 Base part for package epstopdf

(/usr/local/texlive/2011/texmf-dist/tex/latex/oberdiek/grfext.sty
Package: grfext 2010/08/19 v1.1 Managing graphics extensions (HO)

(/usr/local/texlive/2011/texmf-dist/tex/generic/oberdiek/kvdefinekeys.sty
Package: kvdefinekeys 2011/04/07 v1.3 Defining keys (HO)
))
(/usr/local/texlive/2011/texmf-dist/tex/latex/oberdiek/kvoptions.sty
Package: kvoptions 2010/12/23 v3.10 Keyval support for LaTeX options (HO)

(/usr/local/texlive/2011/texmf-dist/tex/generic/oberdiek/kvsetkeys.sty
Package: kvsetkeys 2011/04/07 v1.13 Key value parser (HO)

(/usr/local/texlive/2011/texmf-dist/tex/generic/oberdiek/etexcmds.sty
Package: etexcmds 2011/02/16 v1.5 Prefix for e-TeX command names (HO)
Package etexcmds Info: Could not find \expanded.
(etexcmds)             That can mean that you are not using pdfTeX 1.50 or
(etexcmds)             that some package has redefined \expanded.
(etexcmds)             In the latter case, load this package earlier.
)))
Package grfext Info: Graphics extension search list:
(grfext)             [.png,.pdf,.jpg,.mps,.jpeg,.jbig2,.jb2,.PNG,.PDF,.JPG,.JPE
G,.JBIG2,.JB2,.eps]
(grfext)             \AppendGraphicsExtensions on input line 452.

(/usr/local/texlive/2011/texmf-dist/tex/latex/latexconfig/epstopdf-sys.cfg
File: epstopdf-sys.cfg 2010/07/13 v1.3 Configuration of (r)epstopdf for TeX Liv
e
))
Package caption Info: Begin \AtBeginDocument code.
Package caption Info: End \AtBeginDocument code.
LaTeX Font Info:    External font `cmex10' loaded for size
(Font)              <12> on input line 14.
LaTeX Font Info:    External font `cmex10' loaded for size
(Font)              <8> on input line 14.
LaTeX Font Info:    External font `cmex10' loaded for size
(Font)              <6> on input line 14.
LaTeX Font Info:    External font `cmex10' loaded for size
(Font)              <10.95> on input line 33.

[1

{/usr/local/texlive/2011/texmf-var/fonts/map/pdftex/updmap/pdftex.map}]
[2] <McvsMoment.pdf, id=17, 569.12625pt x 385.44pt>
File: McvsMoment.pdf Graphic file (type pdf)
 <use McvsMoment.pdf>
Package pdftex.def Info: McvsMoment.pdf used on input line 85.
(pdftex.def)             Requested size: 281.85587pt x 190.8963pt.

<showers.pdf, id=18, 468.08276pt x 298.11577pt>
File: showers.pdf Graphic file (type pdf)
 <use showers.pdf>
Package pdftex.def Info: showers.pdf used on input line 92.
(pdftex.def)             Requested size: 468.0816pt x 298.11504pt.


LaTeX Warning: `!h' float specifier changed to `!ht'.

[3 <./McvsMoment.pdf, page is rotated 90 degrees>] [4 <./showers.pdf>]
<mean.pdf, id=101, 578.16pt x 433.62pt>
File: mean.pdf Graphic file (type pdf)
 <use mean.pdf>
Package pdftex.def Info: mean.pdf used on input line 114.
(pdftex.def)             Requested size: 234.8775pt x 176.15768pt.

<rms.pdf, id=102, 578.16pt x 433.62pt>
File: rms.pdf Graphic file (type pdf)
 <use rms.pdf>
Package pdftex.def Info: rms.pdf used on input line 122.
(pdftex.def)             Requested size: 234.8775pt x 176.15768pt.

Overfull \hbox (4.86665pt too wide) in paragraph at lines 112--126
 [][]  [] 
 []

[5 <./mean.pdf> <./rms.pdf>] <psf.pdf, id=133, 569.12625pt x 385.44pt>
File: psf.pdf Graphic file (type pdf)

<use psf.pdf>
Package pdftex.def Info: psf.pdf used on input line 146.
(pdftex.def)             Requested size: 281.85587pt x 190.8963pt.
 [6 <./psf.pdf, page is rotated 90 degrees>]
<psf68_2D_pass7.png, id=181, 578.16pt x 433.62pt>
File: psf68_2D_pass7.png Graphic file (type png)
 <use psf68_2D_pass7.png>
Package pdftex.def Info: psf68_2D_pass7.png used on input line 166.
(pdftex.def)             Requested size: 234.8775pt x 176.15768pt.

<psf68_2D_pass8.png, id=183, 578.16pt x 433.62pt>
File: psf68_2D_pass8.png Graphic file (type png)
 <use psf68_2D_pass8.png>
Package pdftex.def Info: psf68_2D_pass8.png used on input line 172.
(pdftex.def)             Requested size: 234.8775pt x 176.15768pt.

<psf68_2D_moment.png, id=184, 578.16pt x 433.62pt>
File: psf68_2D_moment.png Graphic file (type png)
 <use psf68_2D_moment.png>
Package pdftex.def Info: psf68_2D_moment.png used on input line 178.
(pdftex.def)             Requested size: 234.8775pt x 176.15768pt.

<psf68_2D_fit.png, id=185, 578.16pt x 433.62pt>
File: psf68_2D_fit.png Graphic file (type png)
 <use psf68_2D_fit.png>
Package pdftex.def Info: psf68_2D_fit.png used on input line 184.
(pdftex.def)             Requested size: 234.8775pt x 176.15768pt.
 [7 <./psf68_2D_pass7.png> <./psf68_2D_pass8.png> <./psf68_2D_moment.png> <./ps
f68_2D_fit.png>] <psf95_2D_pass7.png, id=194, 578.16pt x 433.62pt>
File: psf95_2D_pass7.png Graphic file (type png)

<use psf95_2D_pass7.png>
Package pdftex.def Info: psf95_2D_pass7.png used on input line 199.
(pdftex.def)             Requested size: 234.8775pt x 176.15768pt.
 <psf95_2D_pass8.png, id=195, 578.16pt x 433.62pt>
File: psf95_2D_pass8.png Graphic file (type png)

<use psf95_2D_pass8.png>
Package pdftex.def Info: psf95_2D_pass8.png used on input line 205.
(pdftex.def)             Requested size: 234.8775pt x 176.15768pt.
 <psf95_2D_moment.png, id=196, 578.16pt x 433.62pt>
File: psf95_2D_moment.png Graphic file (type png)

<use psf95_2D_moment.png>
Package pdftex.def Info: psf95_2D_moment.png used on input line 211.
(pdftex.def)             Requested size: 234.8775pt x 176.15768pt.
 <psf95_2D_fit.png, id=197, 578.16pt x 433.62pt>
File: psf95_2D_fit.png Graphic file (type png)

<use psf95_2D_fit.png>
Package pdftex.def Info: psf95_2D_fit.png used on input line 217.
(pdftex.def)             Requested size: 234.8775pt x 176.15768pt.
 [8 <./psf95_2D_pass7.png> <./psf95_2D_pass8.png> <./psf95_2D_moment.png> <./ps
f95_2D_fit.png>]
<psf99_2D_pass7.png, id=205, 578.16pt x 433.62pt>
File: psf99_2D_pass7.png Graphic file (type png)
 <use psf99_2D_pass7.png>
Package pdftex.def Info: psf99_2D_pass7.png used on input line 232.
(pdftex.def)             Requested size: 234.8775pt x 176.15768pt.

<psf99_2D_pass8.png, id=206, 578.16pt x 433.62pt>
File: psf99_2D_pass8.png Graphic file (type png)
 <use psf99_2D_pass8.png>
Package pdftex.def Info: psf99_2D_pass8.png used on input line 238.
(pdftex.def)             Requested size: 234.8775pt x 176.15768pt.

<psf99_2D_moment.png, id=207, 578.16pt x 433.62pt>
File: psf99_2D_moment.png Graphic file (type png)
 <use psf99_2D_moment.png>
Package pdftex.def Info: psf99_2D_moment.png used on input line 244.
(pdftex.def)             Requested size: 234.8775pt x 176.15768pt.

<psf99_2D_fit.png, id=208, 578.16pt x 433.62pt>
File: psf99_2D_fit.png Graphic file (type png)
 <use psf99_2D_fit.png>
Package pdftex.def Info: psf99_2D_fit.png used on input line 250.
(pdftex.def)             Requested size: 234.8775pt x 176.15768pt.
 [9 <./psf99_2D_pass7.png> <./psf99_2D_pass8.png> <./psf99_2D_moment.png> <./ps
f99_2D_fit.png>] (./CAL_moment.aux) ) 
Here is how much of TeX's memory you used:
 3130 strings out of 493633
 48963 string characters out of 3143378
 117811 words of memory out of 3000000
 6402 multiletter control sequences out of 15000+200000
 8503 words of font info for 30 fonts, out of 3000000 for 9000
 831 hyphenation exceptions out of 8191
 38i,8n,38p,1776b,425s stack positions out of 5000i,500n,10000p,200000b,50000s
</usr/local/texlive/2011/texmf-dist/fonts/
type1/public/amsfonts/cm/cmbx12.pfb></usr/local/texlive/2011/texmf-dist/fonts/t
ype1/public/amsfonts/cm/cmex10.pfb></usr/local/texlive/2011/texmf-dist/fonts/ty
pe1/public/amsfonts/cm/cmmi10.pfb></usr/local/texlive/2011/texmf-dist/fonts/typ
e1/public/amsfonts/cm/cmmi8.pfb></usr/local/texlive/2011/texmf-dist/fonts/type1
/public/amsfonts/cm/cmr10.pfb></usr/local/texlive/2011/texmf-dist/fonts/type1/p
ublic/amsfonts/cm/cmr17.pfb></usr/local/texlive/2011/texmf-dist/fonts/type1/pub
lic/amsfonts/cm/cmr8.pfb></usr/local/texlive/2011/texmf-dist/fonts/type1/public
/amsfonts/cm/cmsy10.pfb>
Output written on CAL_moment.pdf (9 pages, 823638 bytes).
PDF statistics:
 244 PDF objects out of 1000 (max. 8388607)
 107 compressed objects within 2 object streams
 0 named destinations out of 1000 (max. 500000)
 86 words of extra memory for PDF output out of 10000 (max. 10000000)

